2019-02-17_15:59:30,150 Error preparing addQuestionToResultList
2019-02-17_15:59:30,150 Error preparing addQuestionToResultList
2019-02-17_15:59:30,165 Error preparing addQuestionToResultList
2019-02-17_15:59:30,165 Error preparing addQuestionToResultList
2019-02-17_15:59:30,165 Error preparing addQuestionToResultList
2019-02-17_15:59:30,165 Error preparing addQuestionToResultList
2019-02-17_15:59:30,165 Error preparing addQuestionToResultList
2019-02-17_15:59:30,181 Error preparing addQuestionToResultList
2019-02-17_15:59:30,181 Error preparing addQuestionToResultList
2019-02-17_15:59:30,181 Error preparing addQuestionToResultList
2019-02-17_15:59:30,181 Error preparing addQuestionToResultList
2019-02-17_15:59:30,196 Error preparing addQuestionToResultList
2019-02-17_15:59:30,196 Error preparing addQuestionToResultList
2019-02-17_15:59:30,196 Error preparing addQuestionToResultList
2019-02-17_15:59:30,196 Error preparing addQuestionToResultList
2019-02-17_15:59:30,196 Error preparing addQuestionToResultList
2019-02-17_15:59:30,212 Error preparing addQuestionToResultList
2019-02-17_15:59:30,212 Error preparing addQuestionToResultList
2019-02-17_15:59:30,212 Error preparing addQuestionToResultList
2019-02-17_16:03:22,149 Error adding getInstance of new PDF Test1.pdf (The process cannot access the file because it is being used by another process)
2019-02-17_16:46:56,511 Error searching quiz
2019-02-17_16:51:23,671 Error searching quiz
2019-02-17_16:52:05,808 Error searching quiz
2019-02-17_16:52:37,972 Error searching quiz
2019-02-17_16:53:20,089 Error searching quiz
2019-02-17_16:54:09,738 Error searching quiz null
2019-02-17_17:04:18,504 Error searching quiz null
2019-02-17_17:06:45,030 Error searching quiz null
2019-02-17_17:07:39,423 Error searching quiz null
2019-02-17_19:54:25,657 Error selecting topics from questions
2019-02-17_19:54:50,224 Error selecting topics from questions
2019-02-17_19:55:18,556 Error selecting topics from questions
2019-02-18_01:55:36,885 Error selecting topics from questions
2019-02-18_01:55:41,008 Error searching question
2019-02-18_02:29:43,740 Error selecting topics from questions
2019-02-18_02:29:47,743 Error searching question
2019-02-18_02:34:12,334 Error searching question
2019-02-18_02:37:46,562 Error selecting topics from questions
2019-02-18_02:37:49,135 Error searching question
2019-02-18_03:39:34,467 Error select new image
2019-02-18_03:39:43,450 Error select new image
2019-02-18_03:40:18,529 Error select new image
2019-02-18_03:40:22,474 Error select new image
2019-02-18_04:44:13,667 Error searching question
2019-02-18_04:44:14,107 Error searching question
2019-02-18_04:44:18,258 Error searching question
2019-02-18_04:44:18,787 Error searching question
2019-02-18_04:44:20,731 Error searching question
2019-02-18_04:44:21,217 Error searching question
2019-02-18_04:44:23,851 Error searching question
2019-02-18_04:44:23,865 Error searching question
2019-02-18_04:44:24,273 Error searching question
2019-02-18_04:44:24,286 Error searching question
2019-02-18_04:44:24,816 Error searching question
2019-02-18_04:44:24,829 Error searching question
2019-02-18_04:44:26,017 Error searching question
2019-02-18_04:44:26,033 Error searching question
2019-02-18_11:13:49,708 Error searching question
2019-02-18_11:13:50,503 Error searching question
2019-02-18_11:22:26,568 Error selecting topics from questions
2019-02-18_11:22:39,086 Error searching question
2019-02-18_13:53:06,944 Error select new image
2019-02-18_13:53:08,896 Error select new image
2019-02-18_13:53:10,697 Error select new image
2019-02-18_13:58:00,027 Error select new image
2019-02-18_14:00:01,055 Error select new image
2019-02-18_14:00:05,128 Error select new image
2019-02-18_14:00:36,945 Error select new image
2019-02-18_14:00:42,014 Error select new image
2019-02-18_14:00:46,101 Error select new image
2019-02-18_14:00:48,301 Error select new image
2019-02-18_14:00:54,229 Error select new image
2019-02-18_16:34:35,094 Error searching question
2019-02-18_16:35:26,466 Error selecting topics from questions
2019-02-18_16:35:29,575 Error searching question
2019-02-18_17:18:23,866 Error selecting topics from questions
2019-02-18_17:18:30,990 Error selecting from quiz
2019-02-18_20:39:09,743 Error selecting topics from questions
2019-02-18_20:39:17,714 Error searching question
2019-02-18_20:39:22,225 Error searching question
2019-02-18_20:39:22,236 Error searching question
2019-02-18_20:39:22,995 Error searching question
2019-02-18_20:39:23,008 Error searching quiz Table "QUIZ" not found; SQL statement:
select id,title from QUIZ WHERE TITLE like ? [42102-197]
2019-02-18_20:39:24,489 Error searching quiz Table "QUIZ" not found; SQL statement:
select id,title from QUIZ WHERE TITLE like ? [42102-197]
2019-02-18_20:39:24,500 Error searching question
2019-02-18_20:39:25,179 Error searching question
2019-02-18_20:39:25,189 Error searching question
2019-02-18_20:39:25,761 Error searching question
2019-02-18_20:39:25,775 Error searching question
2019-02-18_20:43:29,322 Error searching question
2019-02-18_20:43:52,096 Error searching question
2019-02-18_20:43:52,952 Error searching question
2019-02-18_20:48:34,921 Error selecting topics from questions
2019-02-18_20:50:48,648 Error selecting topics from questions
2019-02-18_20:51:00,370 Error authenticating user
2019-02-18_20:51:07,281 Error authenticating user
2019-02-18_20:52:27,750 Error select new image
2019-02-18_20:52:31,943 Error select new image
2019-02-18_20:52:36,365 Error select new image
2019-02-18_20:52:41,436 Error select new image
2019-02-18_20:55:06,192 Error select new image
2019-02-18_20:55:10,789 Error select new image
2019-02-18_20:55:13,632 Error select new image
2019-02-18_20:55:17,234 Error select new image
2019-02-18_20:56:53,516 Error create MCQQuestion
2019-02-18_20:57:14,200 Error searching question
2019-02-18_20:57:17,641 Error searching question
2019-02-18_20:57:18,617 Error searching question
2019-02-18_20:57:18,796 Error searching question
2019-02-18_20:57:23,117 Error searching question
2019-02-18_20:57:23,582 Error searching question
2019-02-18_20:57:23,754 Error searching question
2019-02-18_20:57:38,590 Error searching question
2019-02-18_20:57:39,027 Error searching question
2019-02-18_20:57:39,189 Error searching question
2019-02-18_20:57:39,487 Error searching question
2019-02-18_20:57:39,689 Error searching question
2019-02-18_20:57:43,488 Error searching question
2019-02-18_20:59:22,631 Error authenticating user
2019-02-18_21:06:06,679 Error searching question
2019-02-18_21:06:08,413 Error searching question
2019-02-18_21:06:08,428 Error searching question
2019-02-18_21:06:09,279 Error searching question
2019-02-18_21:06:10,034 Error searching question
2019-02-18_21:06:14,346 Error searching question
2019-02-18_21:09:11,025 Error searching question
2019-02-18_21:09:11,932 Error searching question
2019-02-18_21:09:11,942 Error searching question
2019-02-18_21:09:12,315 Error searching question
2019-02-18_21:09:12,321 Error searching question
2019-02-18_21:15:08,085 Error select new image
2019-02-18_21:15:10,484 Error select new image
2019-02-18_21:18:02,181 Error authenticating user
2019-02-18_21:18:08,120 Error authenticating user
2019-02-18_21:18:47,285 Error selecting topics from questions
2019-02-18_21:18:53,885 Error authenticating user Database may be already in use: null. Possible solutions: close all other connection(s); use the server mode [90020-197]
